c:\work\visualstudio\cw\release\vc120.pdb
c:\work\visualstudio\cw\release\demo2tilemanager.obj
c:\work\visualstudio\cw\release\demo2object.obj
c:\work\visualstudio\cw\release\demo2main.obj
c:\work\visualstudio\cw\release\demo1main.obj
c:\work\visualstudio\cw\release\bouncingballmain.obj
c:\work\visualstudio\cw\release\bouncingball.obj
c:\work\visualstudio\cw\release\tilemanager.obj
c:\work\visualstudio\cw\release\simpledemo.obj
c:\work\visualstudio\cw\release\jpgimage.obj
c:\work\visualstudio\cw\release\fontmanager.obj
c:\work\visualstudio\cw\release\displayableobject.obj
c:\work\visualstudio\cw\release\baseengine.obj
c:\work\visualstudio\cw\release\mainfunction.obj
c:\work\visualstudio\cw\release\bxf03uwall.obj
c:\work\visualstudio\cw\release\bxf03utilemanager.obj
c:\work\visualstudio\cw\release\bxf03ustage.obj
c:\work\visualstudio\cw\release\bxf03uplayer.obj
c:\work\visualstudio\cw\release\bxf03uobstacle.obj
c:\work\visualstudio\cw\release\bxf03umain.obj
c:\work\visualstudio\cw\release\bxf03uhook.obj
c:\work\visualstudio\cw\release\demo4tilemanager.obj
c:\work\visualstudio\cw\release\demo4object.obj
c:\work\visualstudio\cw\release\demo4main.obj
c:\work\visualstudio\cw\release\demo3tilemanager.obj
c:\work\visualstudio\cw\release\demo3objectfinished.obj
c:\work\visualstudio\cw\release\demo3object.obj
c:\work\visualstudio\cw\release\demo3main.obj
c:\work\visualstudio\cw\release\hookr.tlog\cl.command.1.tlog
c:\work\visualstudio\cw\release\hookr.tlog\cl.read.1.tlog
c:\work\visualstudio\cw\release\hookr.tlog\cl.write.1.tlog
c:\work\visualstudio\cw\release\hookr.tlog\link-cvtres.read.1.tlog
c:\work\visualstudio\cw\release\hookr.tlog\link-cvtres.write.1.tlog
c:\work\visualstudio\cw\release\hookr.tlog\link-rc.read.1.tlog
c:\work\visualstudio\cw\release\hookr.tlog\link-rc.write.1.tlog
c:\work\visualstudio\cw\release\hookr.tlog\link.command.1.tlog
c:\work\visualstudio\cw\release\hookr.tlog\link.read.1.tlog
c:\work\visualstudio\cw\release\hookr.tlog\link.write.1.tlog
