c:\work\visualstudio\cw\debug\hookr.bsc
c:\work\visualstudio\cw\debug\vc120.pdb
c:\work\visualstudio\cw\debug\vc120.idb
c:\work\visualstudio\cw\debug\bxf03uhook.sbr
c:\work\visualstudio\cw\debug\bxf03umain.sbr
c:\work\visualstudio\cw\debug\bxf03uobstacle.sbr
c:\work\visualstudio\cw\debug\bxf03uplayer.sbr
c:\work\visualstudio\cw\debug\bxf03ustage.sbr
c:\work\visualstudio\cw\debug\bxf03utilemanager.sbr
c:\work\visualstudio\cw\debug\bxf03uwall.sbr
c:\work\visualstudio\cw\debug\mainfunction.sbr
c:\work\visualstudio\cw\debug\baseengine.sbr
c:\work\visualstudio\cw\debug\displayableobject.sbr
c:\work\visualstudio\cw\debug\fontmanager.sbr
c:\work\visualstudio\cw\debug\jpgimage.sbr
c:\work\visualstudio\cw\debug\simpledemo.sbr
c:\work\visualstudio\cw\debug\tilemanager.sbr
c:\work\visualstudio\cw\debug\bouncingball.sbr
c:\work\visualstudio\cw\debug\bouncingballmain.sbr
c:\work\visualstudio\cw\debug\demo1main.sbr
c:\work\visualstudio\cw\debug\demo2main.sbr
c:\work\visualstudio\cw\debug\demo2object.sbr
c:\work\visualstudio\cw\debug\demo2tilemanager.sbr
c:\work\visualstudio\cw\debug\demo2tilemanager.obj
c:\work\visualstudio\cw\debug\demo2object.obj
c:\work\visualstudio\cw\debug\demo2main.obj
c:\work\visualstudio\cw\debug\demo1main.obj
c:\work\visualstudio\cw\debug\bouncingballmain.obj
c:\work\visualstudio\cw\debug\bouncingball.obj
c:\work\visualstudio\cw\debug\tilemanager.obj
c:\work\visualstudio\cw\debug\simpledemo.obj
c:\work\visualstudio\cw\debug\jpgimage.obj
c:\work\visualstudio\cw\debug\fontmanager.obj
c:\work\visualstudio\cw\debug\displayableobject.obj
c:\work\visualstudio\cw\debug\baseengine.obj
c:\work\visualstudio\cw\debug\mainfunction.obj
c:\work\visualstudio\cw\debug\bxf03uwall.obj
c:\work\visualstudio\cw\debug\bxf03utilemanager.obj
c:\work\visualstudio\cw\debug\bxf03ustage.obj
c:\work\visualstudio\cw\debug\bxf03uplayer.obj
c:\work\visualstudio\cw\debug\bxf03uobstacle.obj
c:\work\visualstudio\cw\debug\bxf03umain.obj
c:\work\visualstudio\cw\debug\bxf03uhook.obj
c:\work\visualstudio\cw\debug\demo3main.sbr
c:\work\visualstudio\cw\debug\demo3object.sbr
c:\work\visualstudio\cw\debug\demo3objectfinished.sbr
c:\work\visualstudio\cw\debug\demo3tilemanager.sbr
c:\work\visualstudio\cw\debug\demo4main.sbr
c:\work\visualstudio\cw\debug\demo4object.sbr
c:\work\visualstudio\cw\debug\demo4tilemanager.sbr
c:\work\visualstudio\cw\debug\demo4tilemanager.obj
c:\work\visualstudio\cw\debug\demo4object.obj
c:\work\visualstudio\cw\debug\demo4main.obj
c:\work\visualstudio\cw\debug\demo3tilemanager.obj
c:\work\visualstudio\cw\debug\demo3objectfinished.obj
c:\work\visualstudio\cw\debug\demo3object.obj
c:\work\visualstudio\cw\debug\demo3main.obj
c:\work\visualstudio\cw\debug\hookr.ilk
c:\work\visualstudio\cw\debug\hookr.exe
c:\work\visualstudio\cw\src\map
c:\work\visualstudio\cw\debug\hookr.pdb
c:\work\visualstudio\cw\/debug\hookr.pdb
c:\work\visualstudio\cw\/debug\hookr.exe
c:\work\visualstudio\cw\/debug\hookr.bsc
c:\work\visualstudio\cw\/debug\hookr.ilk
c:\work\visualstudio\cw\debug\hookr.tlog\bscmake.command.1.tlog
c:\work\visualstudio\cw\debug\hookr.tlog\bscmake.read.1.tlog
c:\work\visualstudio\cw\debug\hookr.tlog\bscmake.write.1.tlog
c:\work\visualstudio\cw\debug\hookr.tlog\cl.command.1.tlog
c:\work\visualstudio\cw\debug\hookr.tlog\cl.read.1.tlog
c:\work\visualstudio\cw\debug\hookr.tlog\cl.write.1.tlog
c:\work\visualstudio\cw\debug\hookr.tlog\link.command.1.tlog
c:\work\visualstudio\cw\debug\hookr.tlog\link.read.1.tlog
c:\work\visualstudio\cw\debug\hookr.tlog\link.write.1.tlog
